0 info it worked if it ends with ok
1 verbose cli [ '/usr/bin/nodejs', '/usr/bin/npm', 'run', 'lint' ]
2 info using npm@3.8.3
3 info using node@v5.10.1
4 verbose run-script [ 'prelint', 'lint', 'postlint' ]
5 info lifecycle klutils@0.0.10~prelint: klutils@0.0.10
6 silly lifecycle klutils@0.0.10~prelint: no script for prelint, continuing
7 info lifecycle klutils@0.0.10~lint: klutils@0.0.10
8 verbose lifecycle klutils@0.0.10~lint: unsafe-perm in lifecycle true
9 verbose lifecycle klutils@0.0.10~lint: PATH: /usr/lib/node_modules/npm/bin/node-gyp-bin:/home/m/workspace/klutils/node_modules/.bin:/usr/bin:/home/m/bin:/usr/local/sbin:/usr/local/bin:/usr/sbin:/usr/bin:/sbin:/bin:/usr/games:/usr/local/games
10 verbose lifecycle klutils@0.0.10~lint: CWD: /home/m/workspace/klutils
11 silly lifecycle klutils@0.0.10~lint: Args: [ '-c', 'eslint .' ]
12 silly lifecycle klutils@0.0.10~lint: Returned: code: 1  signal: null
13 info lifecycle klutils@0.0.10~lint: Failed to exec lint script
14 verbose stack Error: klutils@0.0.10 lint: `eslint .`
14 verbose stack Exit status 1
14 verbose stack     at EventEmitter.<anonymous> (/usr/lib/node_modules/npm/lib/utils/lifecycle.js:239:16)
14 verbose stack     at emitTwo (events.js:100:13)
14 verbose stack     at EventEmitter.emit (events.js:185:7)
14 verbose stack     at ChildProcess.<anonymous> (/usr/lib/node_modules/npm/lib/utils/spawn.js:24:14)
14 verbose stack     at emitTwo (events.js:100:13)
14 verbose stack     at ChildProcess.emit (events.js:185:7)
14 verbose stack     at maybeClose (internal/child_process.js:850:16)
14 verbose stack     at Process.ChildProcess._handle.onexit (internal/child_process.js:215:5)
15 verbose pkgid klutils@0.0.10
16 verbose cwd /home/m/workspace/klutils
17 error Linux 4.2.0-35-generic
18 error argv "/usr/bin/nodejs" "/usr/bin/npm" "run" "lint"
19 error node v5.10.1
20 error npm  v3.8.3
21 error code ELIFECYCLE
22 error klutils@0.0.10 lint: `eslint .`
22 error Exit status 1
23 error Failed at the klutils@0.0.10 lint script 'eslint .'.
23 error Make sure you have the latest version of node.js and npm installed.
23 error If you do, this is most likely a problem with the klutils package,
23 error not with npm itself.
23 error Tell the author that this fails on your system:
23 error     eslint .
23 error You can get information on how to open an issue for this project with:
23 error     npm bugs klutils
23 error Or if that isn't available, you can get their info via:
23 error     npm owner ls klutils
23 error There is likely additional logging output above.
24 verbose exit [ 1, true ]
